<?xml version="1.0" encoding="UTF-8"?>
<!-- Generated by org.testng.reporters.JUnitReportReporter -->
<testsuite hostname="DESKTOP-KH23AO5" name="tests.Testcase1" tests="1" failures="0" timestamp="30 May 2018 00:04:49 GMT" time="47.377" errors="0">
  <testcase name="loginTest" time="47.377" classname="tests.Testcase1"/>
</testsuite> <!-- tests.Testcase1 -->
